platforms/android/app/build/outputs/logs/manifest-merger-release-report.txt
-- Merging decision tree log ---
provider#nl.xservices.plugins.FileProvider
INJECTED from src/main/AndroidManifest.xml:39:9-41:20
	android:grantUriPermissions
		ADDED from src/main/AndroidManifest.xml:39:100-134
	android:authorities
		INJECTED from src/main/AndroidManifest.xml
		ADDED from src/main/AndroidManifest.xml:39:19-74
	android:exported
		ADDED from src/main/AndroidManifest.xml:39:75-99
	android:name
		ADDED from src/main/AndroidManifest.xml:39:135-183
manifest
ADDED from src/main/AndroidManifest.xml:2:1-65:12
INJECTED from src/main/AndroidManifest.xml:2:1-65:12
INJECTED from src/main/AndroidManifest.xml:2:1-65:12
INJECTED from src/main/AndroidManifest.xml:2:1-65:12
MERGED from [com.github.ergovia-mobile:android-transcoder:v0.1.10R_ergovia] AndroidManifest.xml:2:1-11:12
MERGED from [com.facebook.android:facebook-android-sdk:4.42.0] AndroidManifest.xml:21:1-31:12
MERGED from [com.onesignal:OneSignal:3.10.1] AndroidManifest.xml:2:1-108:12
MERGED from [com.facebook.android:facebook-login:4.42.0] AndroidManifest.xml:21:1-31:12
MERGED from [com.facebook.android:facebook-share:4.42.0] AndroidManifest.xml:21:1-31:12
MERGED from [com.facebook.android:facebook-common:4.42.0] AndroidManifest.xml:21:1-37:12
MERGED from [com.google.android.gms:play-services-auth:11.8.0] AndroidManifest.xml:17:1-39:12
MERGED from [com.google.android.gms:play-services-identity:11.8.0] AndroidManifest.xml:17:1-24:12
MERGED from [com.google.android.gms:play-services-auth-api-phone:11.8.0] AndroidManifest.xml:2:1-7:12
MERGED from [com.google.android.gms:play-services-auth-base:11.8.0] AndroidManifest.xml:2:1-7:12
MERGED from [com.google.android.gms:play-services-location:11.8.0] AndroidManifest.xml:2:1-9:12
MERGED from [com.google.android.gms:play-services-base:11.8.0] AndroidManifest.xml:17:1-29:12
MERGED from [com.google.firebase:firebase-messaging:11.8.0] AndroidManifest.xml:17:1-37:12
MERGED from [com.google.firebase:firebase-iid:11.8.0] AndroidManifest.xml:17:1-59:12
MERGED from [com.google.firebase:firebase-common:11.8.0] AndroidManifest.xml:2:1-15:12
MERGED from [com.google.android.gms:play-services-tasks:11.8.0] AndroidManifest.xml:2:1-9:12
MERGED from [com.google.android.gms:play-services-basement:11.8.0] AndroidManifest.xml:17:1-28:12
MERGED from [com.android.support:support-v4:27.1.1] AndroidManifest.xml:17:1-22:12
MERGED from [com.android.support:appcompat-v7:27.1.1] AndroidManifest.xml:17:1-22:12
MERGED from [:CordovaLib] AndroidManifest.xml:20:1-27:12
MERGED from [com.facebook.android:facebook-places:4.42.0] AndroidManifest.xml:21:1-31:12
MERGED from [com.facebook.android:facebook-applinks:4.42.0] AndroidManifest.xml:21:1-31:12
MERGED from [com.facebook.android:facebook-messenger:4.42.0] AndroidManifest.xml:21:1-31:12
MERGED from [com.facebook.android:facebook-core:4.42.0] AndroidManifest.xml:21:1-53:12
MERGED from [com.android.support:support-media-compat:27.1.1] AndroidManifest.xml:17:1-22:12
MERGED from [com.android.support:support-fragment:27.1.1] AndroidManifest.xml:17:1-22:12
MERGED from [com.android.support:animated-vector-drawable:27.1.1] AndroidManifest.xml:17:1-22:12
MERGED from [com.android.support:customtabs:27.1.1] AndroidManifest.xml:17:1-22:12
MERGED from [com.android.support:support-core-ui:27.1.1] AndroidManifest.xml:17:1-22:12
MERGED from [com.android.support:support-core-utils:27.1.1] AndroidManifest.xml:17:1-22:12
MERGED from [com.android.support:support-vector-drawable:27.1.1] AndroidManifest.xml:17:1-22:12
MERGED from [com.android.support:support-compat:27.1.1] AndroidManifest.xml:17:1-22:12
MERGED from [com.android.support:cardview-v7:27.1.1] AndroidManifest.xml:17:1-22:12
MERGED from [com.google.android.gms:play-services-identity-license:11.8.0] AndroidManifest.xml:2:1-6:12
MERGED from [android.arch.lifecycle:runtime:1.1.0] AndroidManifest.xml:17:1-22:12
MERGED from [android.arch.lifecycle:livedata-core:1.1.0] AndroidManifest.xml:17:1-22:12
MERGED from [android.arch.lifecycle:viewmodel:1.1.0] AndroidManifest.xml:17:1-22:12
MERGED from [com.google.android.gms:play-services-auth-api-phone-license:11.8.0] AndroidManifest.xml:2:1-6:12
MERGED from [com.google.android.gms:play-services-auth-base-license:11.8.0] AndroidManifest.xml:2:1-6:12
MERGED from [com.google.android.gms:play-services-base-license:11.8.0] AndroidManifest.xml:2:1-6:12
MERGED from [com.google.android.gms:play-services-basement-license:11.8.0] AndroidManifest.xml:2:1-6:12
MERGED from [com.google.android.gms:play-services-tasks-license:11.8.0] AndroidManifest.xml:2:1-6:12
MERGED from [com.google.firebase:firebase-messaging-license:11.8.0] AndroidManifest.xml:2:1-6:12
MERGED from [com.google.android.gms:play-services-location-license:11.8.0] AndroidManifest.xml:2:1-6:12
MERGED from [android.arch.core:runtime:1.1.0] AndroidManifest.xml:17:1-22:12
MERGED from [com.google.firebase:firebase-iid-license:11.8.0] AndroidManifest.xml:2:1-6:12
MERGED from [com.google.firebase:firebase-common-license:11.8.0] AndroidManifest.xml:2:1-6:12
INJECTED from src/main/AndroidManifest.xml:2:1-65:12
INJECTED from src/main/AndroidManifest.xml:2:1-65:12
INJECTED from src/main/AndroidManifest.xml:2:1-65:12
	package
		ADDED from src/main/AndroidManifest.xml:2:100-133
		INJECTED from src/main/AndroidManifest.xml
		INJECTED from src/main/AndroidManifest.xml
	android:versionName
		ADDED from src/main/AndroidManifest.xml:2:72-99
		INJECTED from src/main/AndroidManifest.xml
		INJECTED from src/main/AndroidManifest.xml
	android:hardwareAccelerated
		ADDED from src/main/AndroidManifest.xml:2:11-45
	xmlns:android
		ADDED from src/main/AndroidManifest.xml:2:134-192
	android:versionCode
		ADDED from src/main/AndroidManifest.xml:2:46-71
		INJECTED from src/main/AndroidManifest.xml
		INJECTED from src/main/AndroidManifest.xml
supports-screens
ADDED from src/main/AndroidManifest.xml:3:5-191
	android:largeScreens
		ADDED from src/main/AndroidManifest.xml:3:49-76
	android:smallScreens
		ADDED from src/main/AndroidManifest.xml:3:132-159
	android:normalScreens
		ADDED from src/main/AndroidManifest.xml:3:77-105
	android:xlargeScreens
		ADDED from src/main/AndroidManifest.xml:3:160-188
	android:resizeable
		ADDED from src/main/AndroidManifest.xml:3:106-131
	android:anyDensity
		ADDED from src/main/AndroidManifest.xml:3:23-48
uses-permission#android.permission.INTERNET
ADDED from src/main/AndroidManifest.xml:4:5-67
MERGED from [com.onesignal:OneSignal:3.10.1] AndroidManifest.xml:17:5-67
MERGED from [com.onesignal:OneSignal:3.10.1] AndroidManifest.xml:17:5-67
MERGED from [com.google.firebase:firebase-iid:11.8.0] AndroidManifest.xml:23:5-67
MERGED from [com.google.firebase:firebase-iid:11.8.0] AndroidManifest.xml:23:5-67
	android:name
		ADDED from src/main/AndroidManifest.xml:4:22-64
application
ADDED from src/main/AndroidManifest.xml:5:5-51:19
MERGED from [com.github.ergovia-mobile:android-transcoder:v0.1.10R_ergovia] AndroidManifest.xml:9:5-20
MERGED from [com.github.ergovia-mobile:android-transcoder:v0.1.10R_ergovia] AndroidManifest.xml:9:5-20
MERGED from [com.facebook.android:facebook-android-sdk:4.42.0] AndroidManifest.xml:28:5-29:19
MERGED from [com.facebook.android:facebook-android-sdk:4.42.0] AndroidManifest.xml:28:5-29:19
MERGED from [com.onesignal:OneSignal:3.10.1] AndroidManifest.xml:49:5-106:19
MERGED from [com.onesignal:OneSignal:3.10.1] AndroidManifest.xml:49:5-106:19
MERGED from [com.facebook.android:facebook-login:4.42.0] AndroidManifest.xml:28:5-29:19
MERGED from [com.facebook.android:facebook-login:4.42.0] AndroidManifest.xml:28:5-29:19
MERGED from [com.facebook.android:facebook-share:4.42.0] AndroidManifest.xml:28:5-29:19
MERGED from [com.facebook.android:facebook-share:4.42.0] AndroidManifest.xml:28:5-29:19
MERGED from [com.facebook.android:facebook-common:4.42.0] AndroidManifest.xml:28:5-35:19
MERGED from [com.facebook.android:facebook-common:4.42.0] AndroidManifest.xml:28:5-35:19
MERGED from [com.google.android.gms:play-services-auth:11.8.0] AndroidManifest.xml:22:5-37:19
MERGED from [com.google.android.gms:play-services-auth:11.8.0] AndroidManifest.xml:22:5-37:19
MERGED from [com.google.android.gms:play-services-identity:11.8.0] AndroidManifest.xml:22:5-20
MERGED from [com.google.android.gms:play-services-identity:11.8.0] AndroidManifest.xml:22:5-20
MERGED from [com.google.android.gms:play-services-location:11.8.0] AndroidManifest.xml:7:5-20
MERGED from [com.google.android.gms:play-services-location:11.8.0] AndroidManifest.xml:7:5-20
MERGED from [com.google.android.gms:play-services-base:11.8.0] AndroidManifest.xml:22:5-27:19
MERGED from [com.google.android.gms:play-services-base:11.8.0] AndroidManifest.xml:22:5-27:19
MERGED from [com.google.firebase:firebase-messaging:11.8.0] AndroidManifest.xml:22:5-35:19
MERGED from [com.google.firebase:firebase-messaging:11.8.0] AndroidManifest.xml:22:5-35:19
MERGED from [com.google.firebase:firebase-iid:11.8.0] AndroidManifest.xml:34:5-57:19
MERGED from [com.google.firebase:firebase-iid:11.8.0] AndroidManifest.xml:34:5-57:19
MERGED from [com.google.firebase:firebase-common:11.8.0] AndroidManifest.xml:7:5-13:19
MERGED from [com.google.firebase:firebase-common:11.8.0] AndroidManifest.xml:7:5-13:19
MERGED from [com.google.android.gms:play-services-tasks:11.8.0] AndroidManifest.xml:7:5-20
MERGED from [com.google.android.gms:play-services-tasks:11.8.0] AndroidManifest.xml:7:5-20
MERGED from [com.google.android.gms:play-services-basement:11.8.0] AndroidManifest.xml:22:5-26:19
MERGED from [com.google.android.gms:play-services-basement:11.8.0] AndroidManifest.xml:22:5-26:19
MERGED from [com.facebook.android:facebook-places:4.42.0] AndroidManifest.xml:28:5-29:19
MERGED from [com.facebook.android:facebook-places:4.42.0] AndroidManifest.xml:28:5-29:19
MERGED from [com.facebook.android:facebook-applinks:4.42.0] AndroidManifest.xml:28:5-29:19
MERGED from [com.facebook.android:facebook-applinks:4.42.0] AndroidManifest.xml:28:5-29:19
MERGED from [com.facebook.android:facebook-messenger:4.42.0] AndroidManifest.xml:28:5-29:19
MERGED from [com.facebook.android:facebook-messenger:4.42.0] AndroidManifest.xml:28:5-29:19
MERGED from [com.facebook.android:facebook-core:4.42.0] AndroidManifest.xml:28:5-51:19
MERGED from [com.facebook.android:facebook-core:4.42.0] AndroidManifest.xml:28:5-51:19
MERGED from [com.google.android.gms:play-services-identity-license:11.8.0] AndroidManifest.xml:5:5-20
MERGED from [com.google.android.gms:play-services-identity-license:11.8.0] AndroidManifest.xml:5:5-20
MERGED from [com.google.android.gms:play-services-auth-api-phone-license:11.8.0] AndroidManifest.xml:5:5-20
MERGED from [com.google.android.gms:play-services-auth-api-phone-license:11.8.0] AndroidManifest.xml:5:5-20
MERGED from [com.google.android.gms:play-services-auth-base-license:11.8.0] AndroidManifest.xml:5:5-20
MERGED from [com.google.android.gms:play-services-auth-base-license:11.8.0] AndroidManifest.xml:5:5-20
MERGED from [com.google.android.gms:play-services-base-license:11.8.0] AndroidManifest.xml:5:5-20
MERGED from [com.google.android.gms:play-services-base-license:11.8.0] AndroidManifest.xml:5:5-20
MERGED from [com.google.android.gms:play-services-basement-license:11.8.0] AndroidManifest.xml:5:5-20
MERGED from [com.google.android.gms:play-services-basement-license:11.8.0] AndroidManifest.xml:5:5-20
MERGED from [com.google.android.gms:play-services-tasks-license:11.8.0] AndroidManifest.xml:5:5-20
MERGED from [com.google.android.gms:play-services-tasks-license:11.8.0] AndroidManifest.xml:5:5-20
MERGED from [com.google.firebase:firebase-messaging-license:11.8.0] AndroidManifest.xml:5:5-20
MERGED from [com.google.firebase:firebase-messaging-license:11.8.0] AndroidManifest.xml:5:5-20
MERGED from [com.google.android.gms:play-services-location-license:11.8.0] AndroidManifest.xml:5:5-20
MERGED from [com.google.android.gms:play-services-location-license:11.8.0] AndroidManifest.xml:5:5-20
MERGED from [com.google.firebase:firebase-iid-license:11.8.0] AndroidManifest.xml:5:5-20
MERGED from [com.google.firebase:firebase-iid-license:11.8.0] AndroidManifest.xml:5:5-20
MERGED from [com.google.firebase:firebase-common-license:11.8.0] AndroidManifest.xml:5:5-20
MERGED from [com.google.firebase:firebase-common-license:11.8.0] AndroidManifest.xml:5:5-20
	android:supportsRtl
		ADDED from src/main/AndroidManifest.xml:5:114-140
	android:label
		ADDED from src/main/AndroidManifest.xml:5:81-113
	android:hardwareAccelerated
		ADDED from src/main/AndroidManifest.xml:5:18-52
	android:icon
		ADDED from src/main/AndroidManifest.xml:5:53-80
activity#com.ionic.croon_android.MainActivity
ADDED from src/main/AndroidManifest.xml:6:9-27:20
	android:label
		ADDED from src/main/AndroidManifest.xml:6:97-134
	android:launchMode
		ADDED from src/main/AndroidManifest.xml:6:135-165
	android:windowSoftInputMode
		ADDED from src/main/AndroidManifest.xml:6:257-299
	android:configChanges
		ADDED from src/main/AndroidManifest.xml:6:19-96
	android:theme
		ADDED from src/main/AndroidManifest.xml:6:194-256
	android:name
		ADDED from src/main/AndroidManifest.xml:6:166-193
intent-filter#android.intent.action.MAIN+android.intent.category.LAUNCHER
ADDED from src/main/AndroidManifest.xml:7:13-10:29
	android:label
		ADDED from src/main/AndroidManifest.xml:7:28-65
action#android.intent.action.MAIN
ADDED from src/main/AndroidManifest.xml:8:17-69
	android:name
		ADDED from src/main/AndroidManifest.xml:8:25-66
category#android.intent.category.LAUNCHER
ADDED from src/main/AndroidManifest.xml:9:17-77
	android:name
		ADDED from src/main/AndroidManifest.xml:9:27-74
intent-filter#android.intent.action.VIEW+android.intent.category.BROWSABLE+android.intent.category.DEFAULT
ADDED from src/main/AndroidManifest.xml:11:13-16:29
	android:autoVerify
		ADDED from src/main/AndroidManifest.xml:17:28-53
action#android.intent.action.VIEW
ADDED from src/main/AndroidManifest.xml:12:17-69
	android:name
		ADDED from src/main/AndroidManifest.xml:12:25-66
category#android.intent.category.DEFAULT
ADDED from src/main/AndroidManifest.xml:13:17-76
	android:name
		ADDED from src/main/AndroidManifest.xml:13:27-73
category#android.intent.category.BROWSABLE
ADDED from src/main/AndroidManifest.xml:14:17-78
	android:name
		ADDED from src/main/AndroidManifest.xml:14:27-75
data
ADDED from src/main/AndroidManifest.xml:15:17-48
	android:host
		ADDED from src/main/AndroidManifest.xml:21:23-61
	android:scheme
		ADDED from src/main/AndroidManifest.xml:15:23-45
	android:pathPrefix
		ADDED from src/main/AndroidManifest.xml:21:62-84
meta-data#com.facebook.sdk.ApplicationId
ADDED from src/main/AndroidManifest.xml:28:9-102
	android:value
		ADDED from src/main/AndroidManifest.xml:28:66-99
	android:name
		ADDED from src/main/AndroidManifest.xml:28:20-65
meta-data#com.facebook.sdk.ApplicationName
ADDED from src/main/AndroidManifest.xml:29:9-106
	android:value
		ADDED from src/main/AndroidManifest.xml:29:68-103
	android:name
		ADDED from src/main/AndroidManifest.xml:29:20-67
activity#com.facebook.FacebookActivity
ADDED from src/main/AndroidManifest.xml:30:9-186
MERGED from [com.facebook.android:facebook-common:4.42.0] AndroidManifest.xml:29:9-32:66
MERGED from [com.facebook.android:facebook-common:4.42.0] AndroidManifest.xml:29:9-32:66
	android:label
		ADDED from src/main/AndroidManifest.xml:30:103-138
	android:configChanges
		ADDED from src/main/AndroidManifest.xml:30:19-102
	android:theme
		ADDED from [com.facebook.android:facebook-common:4.42.0] AndroidManifest.xml:32:13-63
	android:name
		ADDED from src/main/AndroidManifest.xml:30:139-183
activity#com.hutchind.cordova.plugins.streamingmedia.SimpleAudioStream
ADDED from src/main/AndroidManifest.xml:31:9-181
	android:label
		ADDED from src/main/AndroidManifest.xml:31:66-101
	android:configChanges
		ADDED from src/main/AndroidManifest.xml:31:19-65
	android:name
		ADDED from src/main/AndroidManifest.xml:31:102-178
activity#com.hutchind.cordova.plugins.streamingmedia.SimpleVideoStream
ADDED from src/main/AndroidManifest.xml:32:9-181
	android:label
		ADDED from src/main/AndroidManifest.xml:32:66-101
	android:configChanges
		ADDED from src/main/AndroidManifest.xml:32:19-65
	android:name
		ADDED from src/main/AndroidManifest.xml:32:102-178
activity#com.synconset.MultiImageChooserActivity
ADDED from src/main/AndroidManifest.xml:33:9-160
	android:label
		ADDED from src/main/AndroidManifest.xml:33:19-57
	android:theme
		ADDED from src/main/AndroidManifest.xml:33:113-157
	android:name
		ADDED from src/main/AndroidManifest.xml:33:58-112
receiver#nl.xservices.plugins.ShareChooserPendingIntent
ADDED from src/main/AndroidManifest.xml:34:9-38:20
	android:enabled
		ADDED from src/main/AndroidManifest.xml:34:19-41
	android:name
		ADDED from src/main/AndroidManifest.xml:34:42-103
intent-filter#android.intent.action.SEND
ADDED from src/main/AndroidManifest.xml:35:13-37:29
action#android.intent.action.SEND
ADDED from src/main/AndroidManifest.xml:36:17-69
	android:name
		ADDED from src/main/AndroidManifest.xml:36:25-66
amazon:enable-feature
ADDED from src/main/AndroidManifest.xml:42:9-159
	xmlns:amazon
		ADDED from src/main/AndroidManifest.xml:42:100-156
	android:required
		ADDED from src/main/AndroidManifest.xml:42:75-99
	android:name
		ADDED from src/main/AndroidManifest.xml:42:32-74
service#com.onesignal.ADMMessageHandler
ADDED from src/main/AndroidManifest.xml:43:9-92
	android:exported
		ADDED from src/main/AndroidManifest.xml:43:18-42
	android:name
		ADDED from src/main/AndroidManifest.xml:43:43-89
receiver#com.onesignal.ADMMessageHandler$Receiver
ADDED from src/main/AndroidManifest.xml:44:9-50:20
	android:permission
		ADDED from src/main/AndroidManifest.xml:44:75-139
	android:name
		ADDED from src/main/AndroidManifest.xml:44:19-74
intent-filter#com.amazon.device.messaging.intent.RECEIVE+com.amazon.device.messaging.intent.REGISTRATION+com.ionic.croon_android
ADDED from src/main/AndroidManifest.xml:45:13-49:29
action#com.amazon.device.messaging.intent.REGISTRATION
ADDED from src/main/AndroidManifest.xml:46:17-90
	android:name
		ADDED from src/main/AndroidManifest.xml:46:25-87
action#com.amazon.device.messaging.intent.RECEIVE
ADDED from src/main/AndroidManifest.xml:47:17-85
	android:name
		ADDED from src/main/AndroidManifest.xml:47:25-82
category#com.ionic.croon_android
ADDED from src/main/AndroidManifest.xml:48:17-68
	android:name
		ADDED from src/main/AndroidManifest.xml:48:27-65
uses-sdk
ADDED from src/main/AndroidManifest.xml:52:5-74
MERGED from [com.github.ergovia-mobile:android-transcoder:v0.1.10R_ergovia] AndroidManifest.xml:5:5-7:41
MERGED from [com.github.ergovia-mobile:android-transcoder:v0.1.10R_ergovia] AndroidManifest.xml:5:5-7:41
MERGED from [com.facebook.android:facebook-android-sdk:4.42.0] AndroidManifest.xml:24:5-26:41
MERGED from [com.facebook.android:facebook-android-sdk:4.42.0] AndroidManifest.xml:24:5-26:41
MERGED from [com.onesignal:OneSignal:3.10.1] AndroidManifest.xml:5:5-44
MERGED from [com.onesignal:OneSignal:3.10.1] AndroidManifest.xml:5:5-44
MERGED from [com.facebook.android:facebook-login:4.42.0] AndroidManifest.xml:24:5-26:41
MERGED from [com.facebook.android:facebook-login:4.42.0] AndroidManifest.xml:24:5-26:41
MERGED from [com.facebook.android:facebook-share:4.42.0] AndroidManifest.xml:24:5-26:41
MERGED from [com.facebook.android:facebook-share:4.42.0] AndroidManifest.xml:24:5-26:41
MERGED from [com.facebook.android:facebook-common:4.42.0] AndroidManifest.xml:24:5-26:41
MERGED from [com.facebook.android:facebook-common:4.42.0] AndroidManifest.xml:24:5-26:41
MERGED from [com.google.android.gms:play-services-auth:11.8.0] AndroidManifest.xml:20:5-44
MERGED from [com.google.android.gms:play-services-auth:11.8.0] AndroidManifest.xml:20:5-44
MERGED from [com.google.android.gms:play-services-identity:11.8.0] AndroidManifest.xml:20:5-44
MERGED from [com.google.android.gms:play-services-identity:11.8.0] AndroidManifest.xml:20:5-44
MERGED from [com.google.android.gms:play-services-auth-api-phone:11.8.0] AndroidManifest.xml:5:5-44
MERGED from [com.google.android.gms:play-services-auth-api-phone:11.8.0] AndroidManifest.xml:5:5-44
MERGED from [com.google.android.gms:play-services-auth-base:11.8.0] AndroidManifest.xml:5:5-44
MERGED from [com.google.android.gms:play-services-auth-base:11.8.0] AndroidManifest.xml:5:5-44
MERGED from [com.google.android.gms:play-services-location:11.8.0] AndroidManifest.xml:5:5-44
MERGED from [com.google.android.gms:play-services-location:11.8.0] AndroidManifest.xml:5:5-44
MERGED from [com.google.android.gms:play-services-base:11.8.0] AndroidManifest.xml:20:5-44
MERGED from [com.google.android.gms:play-services-base:11.8.0] AndroidManifest.xml:20:5-44
MERGED from [com.google.firebase:firebase-messaging:11.8.0] AndroidManifest.xml:20:5-44
MERGED from [com.google.firebase:firebase-messaging:11.8.0] AndroidManifest.xml:20:5-44
MERGED from [com.google.firebase:firebase-iid:11.8.0] AndroidManifest.xml:20:5-44
MERGED from [com.google.firebase:firebase-iid:11.8.0] AndroidManifest.xml:20:5-44
MERGED from [com.google.firebase:firebase-common:11.8.0] AndroidManifest.xml:5:5-44
MERGED from [com.google.firebase:firebase-common:11.8.0] AndroidManifest.xml:5:5-44
MERGED from [com.google.android.gms:play-services-tasks:11.8.0] AndroidManifest.xml:5:5-44
MERGED from [com.google.android.gms:play-services-tasks:11.8.0] AndroidManifest.xml:5:5-44
MERGED from [com.google.android.gms:play-services-basement:11.8.0] AndroidManifest.xml:20:5-44
MERGED from [com.google.android.gms:play-services-basement:11.8.0] AndroidManifest.xml:20:5-44
MERGED from [com.android.support:support-v4:27.1.1] AndroidManifest.xml:20:5-44
MERGED from [com.android.support:support-v4:27.1.1] AndroidManifest.xml:20:5-44
MERGED from [com.android.support:appcompat-v7:27.1.1] AndroidManifest.xml:20:5-44
MERGED from [com.android.support:appcompat-v7:27.1.1] AndroidManifest.xml:20:5-44
MERGED from [:CordovaLib] AndroidManifest.xml:25:5-44
MERGED from [:CordovaLib] AndroidManifest.xml:25:5-44
MERGED from [com.facebook.android:facebook-places:4.42.0] AndroidManifest.xml:24:5-26:41
MERGED from [com.facebook.android:facebook-places:4.42.0] AndroidManifest.xml:24:5-26:41
MERGED from [com.facebook.android:facebook-applinks:4.42.0] AndroidManifest.xml:24:5-26:41
MERGED from [com.facebook.android:facebook-applinks:4.42.0] AndroidManifest.xml:24:5-26:41
MERGED from [com.facebook.android:facebook-messenger:4.42.0] AndroidManifest.xml:24:5-26:41
MERGED from [com.facebook.android:facebook-messenger:4.42.0] AndroidManifest.xml:24:5-26:41
MERGED from [com.facebook.android:facebook-core:4.42.0] AndroidManifest.xml:24:5-26:41
MERGED from [com.facebook.android:facebook-core:4.42.0] AndroidManifest.xml:24:5-26:41
MERGED from [com.android.support:support-media-compat:27.1.1] AndroidManifest.xml:20:5-44
MERGED from [com.android.support:support-media-compat:27.1.1] AndroidManifest.xml:20:5-44
MERGED from [com.android.support:support-fragment:27.1.1] AndroidManifest.xml:20:5-44
MERGED from [com.android.support:support-fragment:27.1.1] AndroidManifest.xml:20:5-44
MERGED from [com.android.support:animated-vector-drawable:27.1.1] AndroidManifest.xml:20:5-44
MERGED from [com.android.support:animated-vector-drawable:27.1.1] AndroidManifest.xml:20:5-44
MERGED from [com.android.support:customtabs:27.1.1] AndroidManifest.xml:20:5-44
MERGED from [com.android.support:customtabs:27.1.1] AndroidManifest.xml:20:5-44
MERGED from [com.android.support:support-core-ui:27.1.1] AndroidManifest.xml:20:5-44
MERGED from [com.android.support:support-core-ui:27.1.1] AndroidManifest.xml:20:5-44
MERGED from [com.android.support:support-core-utils:27.1.1] AndroidManifest.xml:20:5-44
MERGED from [com.android.support:support-core-utils:27.1.1] AndroidManifest.xml:20:5-44
MERGED from [com.android.support:support-vector-drawable:27.1.1] AndroidManifest.xml:20:5-44
MERGED from [com.android.support:support-vector-drawable:27.1.1] AndroidManifest.xml:20:5-44
MERGED from [com.android.support:support-compat:27.1.1] AndroidManifest.xml:20:5-44
MERGED from [com.android.support:support-compat:27.1.1] AndroidManifest.xml:20:5-44
MERGED from [com.android.support:cardview-v7:27.1.1] AndroidManifest.xml:20:5-44
MERGED from [com.android.support:cardview-v7:27.1.1] AndroidManifest.xml:20:5-44
MERGED from [com.google.android.gms:play-services-identity-license:11.8.0] AndroidManifest.xml:4:5-43
MERGED from [com.google.android.gms:play-services-identity-license:11.8.0] AndroidManifest.xml:4:5-43
MERGED from [android.arch.lifecycle:runtime:1.1.0] AndroidManifest.xml:20:5-44
MERGED from [android.arch.lifecycle:runtime:1.1.0] AndroidManifest.xml:20:5-44
MERGED from [android.arch.lifecycle:livedata-core:1.1.0] AndroidManifest.xml:20:5-44
MERGED from [android.arch.lifecycle:livedata-core:1.1.0] AndroidManifest.xml:20:5-44
MERGED from [android.arch.lifecycle:viewmodel:1.1.0] AndroidManifest.xml:20:5-44
MERGED from [android.arch.lifecycle:viewmodel:1.1.0] AndroidManifest.xml:20:5-44
MERGED from [com.google.android.gms:play-services-auth-api-phone-license:11.8.0] AndroidManifest.xml:4:5-43
MERGED from [com.google.android.gms:play-services-auth-api-phone-license:11.8.0] AndroidManifest.xml:4:5-43
MERGED from [com.google.android.gms:play-services-auth-base-license:11.8.0] AndroidManifest.xml:4:5-43
MERGED from [com.google.android.gms:play-services-auth-base-license:11.8.0] AndroidManifest.xml:4:5-43
MERGED from [com.google.android.gms:play-services-base-license:11.8.0] AndroidManifest.xml:4:5-43
MERGED from [com.google.android.gms:play-services-base-license:11.8.0] AndroidManifest.xml:4:5-43
MERGED from [com.google.android.gms:play-services-basement-license:11.8.0] AndroidManifest.xml:4:5-43
MERGED from [com.google.android.gms:play-services-basement-license:11.8.0] AndroidManifest.xml:4:5-43
MERGED from [com.google.android.gms:play-services-tasks-license:11.8.0] AndroidManifest.xml:4:5-43
MERGED from [com.google.android.gms:play-services-tasks-license:11.8.0] AndroidManifest.xml:4:5-43
MERGED from [com.google.firebase:firebase-messaging-license:11.8.0] AndroidManifest.xml:4:5-43
MERGED from [com.google.firebase:firebase-messaging-license:11.8.0] AndroidManifest.xml:4:5-43
MERGED from [com.google.android.gms:play-services-location-license:11.8.0] AndroidManifest.xml:4:5-43
MERGED from [com.google.android.gms:play-services-location-license:11.8.0] AndroidManifest.xml:4:5-43
MERGED from [android.arch.core:runtime:1.1.0] AndroidManifest.xml:20:5-44
MERGED from [android.arch.core:runtime:1.1.0] AndroidManifest.xml:20:5-44
MERGED from [com.google.firebase:firebase-iid-license:11.8.0] AndroidManifest.xml:4:5-43
MERGED from [com.google.firebase:firebase-iid-license:11.8.0] AndroidManifest.xml:4:5-43
MERGED from [com.google.firebase:firebase-common-license:11.8.0] AndroidManifest.xml:4:5-43
MERGED from [com.google.firebase:firebase-common-license:11.8.0] AndroidManifest.xml:4:5-43
	android:targetSdkVersion
		ADDED from src/main/AndroidManifest.xml:52:42-71
	android:minSdkVersion
		ADDED from src/main/AndroidManifest.xml:52:15-41
uses-permission#android.permission.WRITE_EXTERNAL_STORAGE
ADDED from src/main/AndroidManifest.xml:53:5-81
	android:name
		ADDED from src/main/AndroidManifest.xml:53:22-78
uses-permission#android.permission.READ_EXTERNAL_STORAGE
ADDED from src/main/AndroidManifest.xml:54:5-80
	android:name
		ADDED from src/main/AndroidManifest.xml:54:22-77
uses-permission#android.permission.GET_ACCOUNTS
ADDED from src/main/AndroidManifest.xml:55:5-71
	android:name
		ADDED from src/main/AndroidManifest.xml:55:22-68
uses-permission#android.permission.USE_CREDENTIALS
ADDED from src/main/AndroidManifest.xml:56:5-74
	android:name
		ADDED from src/main/AndroidManifest.xml:56:22-71
uses-permission#android.permission.RECORD_AUDIO
ADDED from src/main/AndroidManifest.xml:57:5-71
	android:name
		ADDED from src/main/AndroidManifest.xml:57:22-68
uses-permission#android.permission.MODIFY_AUDIO_SETTINGS
ADDED from src/main/AndroidManifest.xml:58:5-80
	android:name
		ADDED from src/main/AndroidManifest.xml:58:22-77
uses-permission#android.permission.READ_PHONE_STATE
ADDED from src/main/AndroidManifest.xml:59:5-75
	android:name
		ADDED from src/main/AndroidManifest.xml:59:22-72
uses-permission#android.permission.RECORD_VIDEO
ADDED from src/main/AndroidManifest.xml:60:5-71
	android:name
		ADDED from src/main/AndroidManifest.xml:60:22-68
uses-permission#android.permission.ACCESS_NETWORK_STATE
ADDED from src/main/AndroidManifest.xml:61:5-79
MERGED from [com.onesignal:OneSignal:3.10.1] AndroidManifest.xml:25:5-79
MERGED from [com.onesignal:OneSignal:3.10.1] AndroidManifest.xml:25:5-79
MERGED from [com.google.firebase:firebase-iid:11.8.0] AndroidManifest.xml:22:5-79
MERGED from [com.google.firebase:firebase-iid:11.8.0] AndroidManifest.xml:22:5-79
	android:name
		ADDED from src/main/AndroidManifest.xml:61:22-76
uses-permission#com.amazon.device.messaging.permission.RECEIVE
ADDED from src/main/AndroidManifest.xml:62:5-86
	android:name
		ADDED from src/main/AndroidManifest.xml:62:22-83
permission#com.ionic.croon_android.permission.RECEIVE_ADM_MESSAGE
ADDED from src/main/AndroidManifest.xml:63:5-125
	android:protectionLevel
		ADDED from src/main/AndroidManifest.xml:63:87-122
	android:name
		ADDED from src/main/AndroidManifest.xml:63:17-86
uses-permission#com.ionic.croon_android.permission.RECEIVE_ADM_MESSAGE
ADDED from src/main/AndroidManifest.xml:64:5-94
	android:name
		ADDED from src/main/AndroidManifest.xml:64:22-91
meta-data#android.support.FILE_PROVIDER_PATHS
ADDED from src/main/AndroidManifest.xml:40:13-115
	android:resource
		ADDED from src/main/AndroidManifest.xml:40:75-112
	android:name
		ADDED from src/main/AndroidManifest.xml:40:24-74
permission#${applicationId}.permission.C2D_MESSAGE
ADDED from [com.onesignal:OneSignal:3.10.1] AndroidManifest.xml:8:5-10:47
MERGED from [com.google.firebase:firebase-iid:11.8.0] AndroidManifest.xml:28:5-30:47
MERGED from [com.google.firebase:firebase-iid:11.8.0] AndroidManifest.xml:28:5-30:47
	android:protectionLevel
		ADDED from [com.onesignal:OneSignal:3.10.1] AndroidManifest.xml:10:9-44